<?xml version="1.0" encoding="UTF-8"?>
<testng-results skipped="1" failed="1" total="2" passed="0">
  <reporter-output>
  </reporter-output>
  <suite name="Suite" duration-ms="874" started-at="2019-04-15T08:41:51Z" finished-at="2019-04-15T08:41:52Z">
    <groups>
      <group name="TPGPostOfficegrp">
        <method signature="TPGTestIT.loginToPostOffice(java.lang.String, java.lang.String)[pri:0, instance:com.TPG.test.TPGTestIT@578486a3]" name="loginToPostOffice" class="com.TPG.test.TPGTestIT"/>
      </group> <!-- TPGPostOfficegrp -->
      <group name="TPGMyAccountgrp">
        <method signature="TPGTestIT.loginToMyAccount(java.lang.String, java.lang.String)[pri:0, instance:com.TPG.test.TPGTestIT@578486a3]" name="loginToMyAccount" class="com.TPG.test.TPGTestIT"/>
      </group> <!-- TPGMyAccountgrp -->
    </groups>
    <test name="Test" duration-ms="874" started-at="2019-04-15T08:41:51Z" finished-at="2019-04-15T08:41:52Z">
      <class name="com.TPG.test.TPGTestIT">
        <test-method status="FAIL" signature="loginToMyAccount(java.lang.String, java.lang.String)[pri:0, instance:com.TPG.test.TPGTestIT@578486a3]" name="loginToMyAccount" duration-ms="36" started-at="2019-04-15T18:41:52Z" data-provider="logindata" finished-at="2019-04-15T18:41:52Z">
          <params>
            <param index="0">
              <value>
                <![CDATA[rajesh1978]]>
              </value>
            </param>
            <param index="1">
              <value>
                <![CDATA[abcd1978]]>
              </value>
            </param>
          </params>
          <exception class="java.lang.NullPointerException">
            <full-stacktrace>
              <![CDATA[java.lang.NullPointerException
	at org.openqa.selenium.support.pagefactory.DefaultElementLocator.findElement(DefaultElementLocator.java:69)
	at org.openqa.selenium.support.pagefactory.AjaxElementLocator.access$001(AjaxElementLocator.java:39)
	at org.openqa.selenium.support.pagefactory.AjaxElementLocator$SlowLoadingElement.isLoaded(AjaxElementLocator.java:165)
	at org.openqa.selenium.support.ui.SlowLoadableComponent.get(SlowLoadableComponent.java:51)
	at org.openqa.selenium.support.pagefactory.AjaxElementLocator.findElement(AjaxElementLocator.java:95)
	at org.openqa.selenium.support.pagefactory.internal.LocatingElementHandler.invoke(LocatingElementHandler.java:38)
	at com.sun.proxy.$Proxy8.clear(Unknown Source)
	at com.TPG.framework.elementhelpers.ClickNSetHelpers.click(ClickNSetHelpers.java:8)
	at com.TPG.framework.pageobjects.TPGHomePage.clickMyAccountLink(TPGHomePage.java:24)
	at com.TPG.test.TPGTestIT.loginToMyAccount(TPGTestIT.java:19)
	at sun.reflect.NativeMethodAccessorImpl.invoke0(Native Method)
	at sun.reflect.NativeMethodAccessorImpl.invoke(NativeMethodAccessorImpl.java:62)
	at sun.reflect.DelegatingMethodAccessorImpl.invoke(DelegatingMethodAccessorImpl.java:43)
	at java.lang.reflect.Method.invoke(Method.java:498)
	at org.testng.internal.MethodInvocationHelper.invokeMethod(MethodInvocationHelper.java:80)
	at org.testng.internal.Invoker.invokeMethod(Invoker.java:714)
	at org.testng.internal.Invoker.invokeTestMethod(Invoker.java:901)
	at org.testng.internal.Invoker.invokeTestMethods(Invoker.java:1231)
	at org.testng.internal.TestMethodWorker.invokeTestMethods(TestMethodWorker.java:127)
	at org.testng.internal.TestMethodWorker.run(TestMethodWorker.java:111)
	at org.testng.TestRunner.privateRun(TestRunner.java:767)
	at org.testng.TestRunner.run(TestRunner.java:617)
	at org.testng.SuiteRunner.runTest(SuiteRunner.java:334)
	at org.testng.SuiteRunner.runSequentially(SuiteRunner.java:329)
	at org.testng.SuiteRunner.privateRun(SuiteRunner.java:291)
	at org.testng.SuiteRunner.run(SuiteRunner.java:240)
	at org.testng.SuiteRunnerWorker.runSuite(SuiteRunnerWorker.java:52)
	at org.testng.SuiteRunnerWorker.run(SuiteRunnerWorker.java:86)
	at org.testng.TestNG.runSuitesSequentially(TestNG.java:1198)
	at org.testng.TestNG.runSuitesLocally(TestNG.java:1123)
	at org.testng.TestNG.run(TestNG.java:1031)
	at org.apache.maven.surefire.testng.TestNGExecutor.run(TestNGExecutor.java:283)
	at org.apache.maven.surefire.testng.TestNGXmlTestSuite.execute(TestNGXmlTestSuite.java:75)
	at org.apache.maven.surefire.testng.TestNGProvider.invoke(TestNGProvider.java:120)
	at org.apache.maven.surefire.booter.ForkedBooter.invokeProviderInSameClassLoader(ForkedBooter.java:384)
	at org.apache.maven.surefire.booter.ForkedBooter.runSuitesInProcess(ForkedBooter.java:345)
	at org.apache.maven.surefire.booter.ForkedBooter.execute(ForkedBooter.java:126)
	at org.apache.maven.surefire.booter.ForkedBooter.main(ForkedBooter.java:418)
]]>
            </full-stacktrace>
          </exception> <!-- java.lang.NullPointerException -->
          <reporter-output>
          </reporter-output>
        </test-method> <!-- loginToMyAccount -->
        <test-method status="FAIL" signature="tearDown(org.testng.ITestResult)[pri:0, instance:com.TPG.test.TPGTestIT@578486a3]" name="tearDown" is-config="true" duration-ms="0" started-at="2019-04-15T18:41:52Z" finished-at="2019-04-15T18:41:52Z">
          <params>
            <param index="0">
              <value>
                <![CDATA[[TestResult name=loginToMyAccount status=FAILURE method=TPGTestIT.loginToMyAccount(java.lang.String, java.lang.String)[pri:0, instance:com.TPG.test.TPGTestIT@578486a3] output={null}]]]>
              </value>
            </param>
          </params>
          <exception class="java.lang.NullPointerException">
            <full-stacktrace>
              <![CDATA[java.lang.NullPointerException
	at com.TPG.framework.base.TestBase.getScreenShot(TestBase.java:163)
	at com.TPG.framework.base.TestBase.tearDown(TestBase.java:179)
	at sun.reflect.NativeMethodAccessorImpl.invoke0(Native Method)
	at sun.reflect.NativeMethodAccessorImpl.invoke(NativeMethodAccessorImpl.java:62)
	at sun.reflect.DelegatingMethodAccessorImpl.invoke(DelegatingMethodAccessorImpl.java:43)
	at java.lang.reflect.Method.invoke(Method.java:498)
	at org.testng.internal.MethodInvocationHelper.invokeMethod(MethodInvocationHelper.java:80)
	at org.testng.internal.Invoker.invokeConfigurationMethod(Invoker.java:564)
	at org.testng.internal.Invoker.invokeConfigurations(Invoker.java:213)
	at org.testng.internal.Invoker.invokeMethod(Invoker.java:786)
	at org.testng.internal.Invoker.invokeTestMethod(Invoker.java:901)
	at org.testng.internal.Invoker.invokeTestMethods(Invoker.java:1231)
	at org.testng.internal.TestMethodWorker.invokeTestMethods(TestMethodWorker.java:127)
	at org.testng.internal.TestMethodWorker.run(TestMethodWorker.java:111)
	at org.testng.TestRunner.privateRun(TestRunner.java:767)
	at org.testng.TestRunner.run(TestRunner.java:617)
	at org.testng.SuiteRunner.runTest(SuiteRunner.java:334)
	at org.testng.SuiteRunner.runSequentially(SuiteRunner.java:329)
	at org.testng.SuiteRunner.privateRun(SuiteRunner.java:291)
	at org.testng.SuiteRunner.run(SuiteRunner.java:240)
	at org.testng.SuiteRunnerWorker.runSuite(SuiteRunnerWorker.java:52)
	at org.testng.SuiteRunnerWorker.run(SuiteRunnerWorker.java:86)
	at org.testng.TestNG.runSuitesSequentially(TestNG.java:1198)
	at org.testng.TestNG.runSuitesLocally(TestNG.java:1123)
	at org.testng.TestNG.run(TestNG.java:1031)
	at org.apache.maven.surefire.testng.TestNGExecutor.run(TestNGExecutor.java:283)
	at org.apache.maven.surefire.testng.TestNGXmlTestSuite.execute(TestNGXmlTestSuite.java:75)
	at org.apache.maven.surefire.testng.TestNGProvider.invoke(TestNGProvider.java:120)
	at org.apache.maven.surefire.booter.ForkedBooter.invokeProviderInSameClassLoader(ForkedBooter.java:384)
	at org.apache.maven.surefire.booter.ForkedBooter.runSuitesInProcess(ForkedBooter.java:345)
	at org.apache.maven.surefire.booter.ForkedBooter.execute(ForkedBooter.java:126)
	at org.apache.maven.surefire.booter.ForkedBooter.main(ForkedBooter.java:418)
]]>
            </full-stacktrace>
          </exception> <!-- java.lang.NullPointerException -->
          <reporter-output>
          </reporter-output>
        </test-method> <!-- tearDown -->
        <test-method status="SKIP" signature="loginToPostOffice(java.lang.String, java.lang.String)[pri:0, instance:com.TPG.test.TPGTestIT@578486a3]" name="loginToPostOffice" duration-ms="0" started-at="2019-04-15T18:41:52Z" data-provider="logindata" finished-at="2019-04-15T18:41:52Z">
          <params>
            <param index="0">
              <value>
                <![CDATA[rajesh1978]]>
              </value>
            </param>
            <param index="1">
              <value>
                <![CDATA[abcd1978]]>
              </value>
            </param>
          </params>
          <reporter-output>
          </reporter-output>
        </test-method> <!-- loginToPostOffice -->
        <test-method status="SKIP" signature="tearDown(org.testng.ITestResult)[pri:0, instance:com.TPG.test.TPGTestIT@578486a3]" name="tearDown" is-config="true" duration-ms="0" started-at="2019-04-15T18:41:52Z" finished-at="2019-04-15T18:41:52Z">
          <reporter-output>
          </reporter-output>
        </test-method> <!-- tearDown -->
      </class> <!-- com.TPG.test.TPGTestIT -->
    </test> <!-- Test -->
  </suite> <!-- Suite -->
</testng-results>
